000 (044.000.000) 06/07 23:37:50 Job submitted from host: <127.0.0.1:22855?addrs=127.0.0.1-22855>
    DAG Node: A
...
000 (044.001.000) 06/07 23:37:50 Job submitted from host: <127.0.0.1:22855?addrs=127.0.0.1-22855>
    DAG Node: A
...
001 (044.000.000) 06/07 23:38:06 Job executing on host: <127.0.0.1:36403?addrs=127.0.0.1-36403>
...
005 (044.000.000) 06/07 23:38:06 Job terminated.
	(1) Normal termination (return value 0)
		Usr 0 00:00:00, Sys 0 00:00:00  -  Run Remote Usage
		Usr 0 00:00:00, Sys 0 00:00:00  -  Run Local Usage
		Usr 0 00:00:00, Sys 0 00:00:00  -  Total Remote Usage
		Usr 0 00:00:00, Sys 0 00:00:00  -  Total Local Usage
	0  -  Run Bytes Sent By Job
	0  -  Run Bytes Received By Job
	0  -  Total Bytes Sent By Job
	0  -  Total Bytes Received By Job
	Partitionable Resources :    Usage  Request Allocated
	   Cpus                 :                 1         1
	   Disk (KB)            :        1        1  12941440
	   Memory (MB)          :        0        1      5825
...
001 (044.001.000) 06/07 23:38:06 Job executing on host: <127.0.0.1:36403?addrs=127.0.0.1-36403>
...
005 (044.001.000) 06/07 23:38:06 Job terminated.
	(1) Normal termination (return value 0)
		Usr 0 00:00:00, Sys 0 00:00:00  -  Run Remote Usage
		Usr 0 00:00:00, Sys 0 00:00:00  -  Run Local Usage
		Usr 0 00:00:00, Sys 0 00:00:00  -  Total Remote Usage
		Usr 0 00:00:00, Sys 0 00:00:00  -  Total Local Usage
	0  -  Run Bytes Sent By Job
	0  -  Run Bytes Received By Job
	0  -  Total Bytes Sent By Job
	0  -  Total Bytes Received By Job
	Partitionable Resources :    Usage  Request Allocated
	   Cpus                 :                 1         1
	   Disk (KB)            :        1        1  12941440
	   Memory (MB)          :        0        1      5825
...
000 (045.000.000) 06/07 23:38:15 Job submitted from host: <127.0.0.1:22855?addrs=127.0.0.1-22855>
    DAG Node: B
...
000 (045.001.000) 06/07 23:38:15 Job submitted from host: <127.0.0.1:22855?addrs=127.0.0.1-22855>
    DAG Node: B
...
001 (045.000.000) 06/07 23:38:15 Job executing on host: <127.0.0.1:36403?addrs=127.0.0.1-36403>
...
005 (045.000.000) 06/07 23:38:16 Job terminated.
	(1) Normal termination (return value 0)
		Usr 0 00:00:00, Sys 0 00:00:00  -  Run Remote Usage
		Usr 0 00:00:00, Sys 0 00:00:00  -  Run Local Usage
		Usr 0 00:00:00, Sys 0 00:00:00  -  Total Remote Usage
		Usr 0 00:00:00, Sys 0 00:00:00  -  Total Local Usage
	0  -  Run Bytes Sent By Job
	0  -  Run Bytes Received By Job
	0  -  Total Bytes Sent By Job
	0  -  Total Bytes Received By Job
	Partitionable Resources :    Usage  Request Allocated
	   Cpus                 :                 1         1
	   Disk (KB)            :        1        1  12941440
	   Memory (MB)          :        0        1      5825
...
001 (045.001.000) 06/07 23:38:16 Job executing on host: <127.0.0.1:36403?addrs=127.0.0.1-36403>
...
005 (045.001.000) 06/07 23:38:16 Job terminated.
	(1) Normal termination (return value 0)
		Usr 0 00:00:00, Sys 0 00:00:00  -  Run Remote Usage
		Usr 0 00:00:00, Sys 0 00:00:00  -  Run Local Usage
		Usr 0 00:00:00, Sys 0 00:00:00  -  Total Remote Usage
		Usr 0 00:00:00, Sys 0 00:00:00  -  Total Local Usage
	0  -  Run Bytes Sent By Job
	0  -  Run Bytes Received By Job
	0  -  Total Bytes Sent By Job
	0  -  Total Bytes Received By Job
	Partitionable Resources :    Usage  Request Allocated
	   Cpus                 :                 1         1
	   Disk (KB)            :        1        1  12941440
	   Memory (MB)          :        0        1      5825
...
016 (045.000.000) 06/07 23:38:20 POST Script terminated.
	(1) Normal termination (return value 0)
    DAG Node: B
...
