009 (016.000.000) 06/07 21:21:43 Job was aborted by the user.
	via condor_rm (by user alonsolarra)
...
000 (018.000.000) 06/07 21:21:57 Job submitted from host: <127.0.0.1:22712?addrs=127.0.0.1-22712>
...
001 (018.000.000) 06/07 21:21:57 Job executing on host: <127.0.0.1:63292?addrs=127.0.0.1-63292>
...
006 (018.000.000) 06/07 21:21:57 Image size of job updated: 1
	0  -  MemoryUsage of job (MB)
	0  -  ResidentSetSize of job (KB)
...
005 (018.000.000) 06/07 21:21:57 Job terminated.
	(1) Normal termination (return value 0)
		Usr 0 00:00:00, Sys 0 00:00:00  -  Run Remote Usage
		Usr 0 00:00:00, Sys 0 00:00:00  -  Run Local Usage
		Usr 0 00:00:00, Sys 0 00:00:00  -  Total Remote Usage
		Usr 0 00:00:00, Sys 0 00:00:00  -  Total Local Usage
	0  -  Run Bytes Sent By Job
	0  -  Run Bytes Received By Job
	0  -  Total Bytes Sent By Job
	0  -  Total Bytes Received By Job
	Partitionable Resources :    Usage  Request Allocated
	   Cpus                 :                 1         1
	   Disk (KB)            :        1        1  12947100
	   Memory (MB)          :        0        1      5825
...
000 (019.000.000) 06/07 21:29:58 Job submitted from host: <127.0.0.1:22712?addrs=127.0.0.1-22712>
...
000 (020.000.000) 06/07 21:30:16 Job submitted from host: <127.0.0.1:22712?addrs=127.0.0.1-22712>
...
001 (019.000.000) 06/07 21:30:17 Job executing on host: <127.0.0.1:63292?addrs=127.0.0.1-63292>
...
006 (019.000.000) 06/07 21:30:17 Image size of job updated: 1
	0  -  MemoryUsage of job (MB)
	0  -  ResidentSetSize of job (KB)
...
005 (019.000.000) 06/07 21:30:17 Job terminated.
	(1) Normal termination (return value 0)
		Usr 0 00:00:00, Sys 0 00:00:00  -  Run Remote Usage
		Usr 0 00:00:00, Sys 0 00:00:00  -  Run Local Usage
		Usr 0 00:00:00, Sys 0 00:00:00  -  Total Remote Usage
		Usr 0 00:00:00, Sys 0 00:00:00  -  Total Local Usage
	0  -  Run Bytes Sent By Job
	0  -  Run Bytes Received By Job
	0  -  Total Bytes Sent By Job
	0  -  Total Bytes Received By Job
	Partitionable Resources :    Usage  Request Allocated
	   Cpus                 :                 1         1
	   Disk (KB)            :        1        1  12946976
	   Memory (MB)          :        0        1      5825
...
001 (020.000.000) 06/07 21:30:17 Job executing on host: <127.0.0.1:63292?addrs=127.0.0.1-63292>
...
006 (020.000.000) 06/07 21:30:17 Image size of job updated: 1
	0  -  MemoryUsage of job (MB)
	0  -  ResidentSetSize of job (KB)
...
005 (020.000.000) 06/07 21:30:17 Job terminated.
	(1) Normal termination (return value 0)
		Usr 0 00:00:00, Sys 0 00:00:00  -  Run Remote Usage
		Usr 0 00:00:00, Sys 0 00:00:00  -  Run Local Usage
		Usr 0 00:00:00, Sys 0 00:00:00  -  Total Remote Usage
		Usr 0 00:00:00, Sys 0 00:00:00  -  Total Local Usage
	0  -  Run Bytes Sent By Job
	0  -  Run Bytes Received By Job
	0  -  Total Bytes Sent By Job
	0  -  Total Bytes Received By Job
	Partitionable Resources :    Usage  Request Allocated
	   Cpus                 :                 1         1
	   Disk (KB)            :        1        1  12946976
	   Memory (MB)          :        0        1      5825
...
000 (021.000.000) 06/07 21:36:41 Job submitted from host: <127.0.0.1:22712?addrs=127.0.0.1-22712>
...
001 (021.000.000) 06/07 21:36:41 Job executing on host: <127.0.0.1:63292?addrs=127.0.0.1-63292>
...
006 (021.000.000) 06/07 21:36:41 Image size of job updated: 1
	0  -  MemoryUsage of job (MB)
	0  -  ResidentSetSize of job (KB)
...
005 (021.000.000) 06/07 21:36:41 Job terminated.
	(1) Normal termination (return value 0)
		Usr 0 00:00:00, Sys 0 00:00:00  -  Run Remote Usage
		Usr 0 00:00:00, Sys 0 00:00:00  -  Run Local Usage
		Usr 0 00:00:00, Sys 0 00:00:00  -  Total Remote Usage
		Usr 0 00:00:00, Sys 0 00:00:00  -  Total Local Usage
	0  -  Run Bytes Sent By Job
	0  -  Run Bytes Received By Job
	0  -  Total Bytes Sent By Job
	0  -  Total Bytes Received By Job
	Partitionable Resources :    Usage  Request Allocated
	   Cpus                 :                 1         1
	   Disk (KB)            :        1        1  12946896
	   Memory (MB)          :        0        1      5825
...
000 (022.000.000) 06/07 21:49:03 Job submitted from host: <127.0.0.1:22712?addrs=127.0.0.1-22712>
...
001 (022.000.000) 06/07 21:49:04 Job executing on host: <127.0.0.1:63292?addrs=127.0.0.1-63292>
...
006 (022.000.000) 06/07 21:49:04 Image size of job updated: 1
	0  -  MemoryUsage of job (MB)
	0  -  ResidentSetSize of job (KB)
...
005 (022.000.000) 06/07 21:49:04 Job terminated.
	(1) Normal termination (return value 0)
		Usr 0 00:00:00, Sys 0 00:00:00  -  Run Remote Usage
		Usr 0 00:00:00, Sys 0 00:00:00  -  Run Local Usage
		Usr 0 00:00:00, Sys 0 00:00:00  -  Total Remote Usage
		Usr 0 00:00:00, Sys 0 00:00:00  -  Total Local Usage
	0  -  Run Bytes Sent By Job
	0  -  Run Bytes Received By Job
	0  -  Total Bytes Sent By Job
	0  -  Total Bytes Received By Job
	Partitionable Resources :    Usage  Request Allocated
	   Cpus                 :                 1         1
	   Disk (KB)            :        1        1  12946680
	   Memory (MB)          :        0        1      5825
...
000 (023.000.000) 06/07 22:51:15 Job submitted from host: <127.0.0.1:22855?addrs=127.0.0.1-22855>
...
001 (023.000.000) 06/07 22:51:32 Job executing on host: <127.0.0.1:36403?addrs=127.0.0.1-36403>
...
006 (023.000.000) 06/07 22:51:34 Image size of job updated: 1
	0  -  MemoryUsage of job (MB)
	0  -  ResidentSetSize of job (KB)
...
005 (023.000.000) 06/07 22:51:34 Job terminated.
	(1) Normal termination (return value 0)
		Usr 0 00:00:00, Sys 0 00:00:00  -  Run Remote Usage
		Usr 0 00:00:00, Sys 0 00:00:00  -  Run Local Usage
		Usr 0 00:00:00, Sys 0 00:00:00  -  Total Remote Usage
		Usr 0 00:00:00, Sys 0 00:00:00  -  Total Local Usage
	0  -  Run Bytes Sent By Job
	0  -  Run Bytes Received By Job
	0  -  Total Bytes Sent By Job
	0  -  Total Bytes Received By Job
	Partitionable Resources :    Usage  Request Allocated
	   Cpus                 :                 1         1
	   Disk (KB)            :        1        1  12943288
	   Memory (MB)          :        0        1      5825
...
000 (025.000.000) 06/07 22:58:58 Job submitted from host: <127.0.0.1:22855?addrs=127.0.0.1-22855>
    DAG Node: A
...
001 (025.000.000) 06/07 22:59:14 Job executing on host: <127.0.0.1:36403?addrs=127.0.0.1-36403>
...
006 (025.000.000) 06/07 22:59:15 Image size of job updated: 1
	0  -  MemoryUsage of job (MB)
	0  -  ResidentSetSize of job (KB)
...
005 (025.000.000) 06/07 22:59:15 Job terminated.
	(1) Normal termination (return value 0)
		Usr 0 00:00:00, Sys 0 00:00:00  -  Run Remote Usage
		Usr 0 00:00:00, Sys 0 00:00:00  -  Run Local Usage
		Usr 0 00:00:00, Sys 0 00:00:00  -  Total Remote Usage
		Usr 0 00:00:00, Sys 0 00:00:00  -  Total Local Usage
	0  -  Run Bytes Sent By Job
	0  -  Run Bytes Received By Job
	0  -  Total Bytes Sent By Job
	0  -  Total Bytes Received By Job
	Partitionable Resources :    Usage  Request Allocated
	   Cpus                 :                 1         1
	   Disk (KB)            :        1        1  12943200
	   Memory (MB)          :        0        1      5825
...
000 (026.000.000) 06/07 22:59:23 Job submitted from host: <127.0.0.1:22855?addrs=127.0.0.1-22855>
    DAG Node: B
...
001 (026.000.000) 06/07 22:59:23 Job executing on host: <127.0.0.1:36403?addrs=127.0.0.1-36403>
...
006 (026.000.000) 06/07 22:59:24 Image size of job updated: 1
	0  -  MemoryUsage of job (MB)
	0  -  ResidentSetSize of job (KB)
...
005 (026.000.000) 06/07 22:59:24 Job terminated.
	(1) Normal termination (return value 0)
		Usr 0 00:00:00, Sys 0 00:00:00  -  Run Remote Usage
		Usr 0 00:00:00, Sys 0 00:00:00  -  Run Local Usage
		Usr 0 00:00:00, Sys 0 00:00:00  -  Total Remote Usage
		Usr 0 00:00:00, Sys 0 00:00:00  -  Total Local Usage
	0  -  Run Bytes Sent By Job
	0  -  Run Bytes Received By Job
	0  -  Total Bytes Sent By Job
	0  -  Total Bytes Received By Job
	Partitionable Resources :    Usage  Request Allocated
	   Cpus                 :                 1         1
	   Disk (KB)            :        1        1  12943200
	   Memory (MB)          :        0        1      5825
...
000 (029.000.000) 06/07 23:11:42 Job submitted from host: <127.0.0.1:22855?addrs=127.0.0.1-22855>
    DAG Node: A
...
001 (029.000.000) 06/07 23:11:58 Job executing on host: <127.0.0.1:36403?addrs=127.0.0.1-36403>
...
006 (029.000.000) 06/07 23:11:58 Image size of job updated: 1
	0  -  MemoryUsage of job (MB)
	0  -  ResidentSetSize of job (KB)
...
005 (029.000.000) 06/07 23:11:58 Job terminated.
	(1) Normal termination (return value 0)
		Usr 0 00:00:00, Sys 0 00:00:00  -  Run Remote Usage
		Usr 0 00:00:00, Sys 0 00:00:00  -  Run Local Usage
		Usr 0 00:00:00, Sys 0 00:00:00  -  Total Remote Usage
		Usr 0 00:00:00, Sys 0 00:00:00  -  Total Local Usage
	0  -  Run Bytes Sent By Job
	0  -  Run Bytes Received By Job
	0  -  Total Bytes Sent By Job
	0  -  Total Bytes Received By Job
	Partitionable Resources :    Usage  Request Allocated
	   Cpus                 :                 1         1
	   Disk (KB)            :        1        1  12943052
	   Memory (MB)          :        0        1      5825
...
000 (030.000.000) 06/07 23:12:07 Job submitted from host: <127.0.0.1:22855?addrs=127.0.0.1-22855>
    DAG Node: B
...
001 (030.000.000) 06/07 23:12:07 Job executing on host: <127.0.0.1:36403?addrs=127.0.0.1-36403>
...
006 (030.000.000) 06/07 23:12:08 Image size of job updated: 1
	0  -  MemoryUsage of job (MB)
	0  -  ResidentSetSize of job (KB)
...
005 (030.000.000) 06/07 23:12:08 Job terminated.
	(1) Normal termination (return value 0)
		Usr 0 00:00:00, Sys 0 00:00:00  -  Run Remote Usage
		Usr 0 00:00:00, Sys 0 00:00:00  -  Run Local Usage
		Usr 0 00:00:00, Sys 0 00:00:00  -  Total Remote Usage
		Usr 0 00:00:00, Sys 0 00:00:00  -  Total Local Usage
	0  -  Run Bytes Sent By Job
	0  -  Run Bytes Received By Job
	0  -  Total Bytes Sent By Job
	0  -  Total Bytes Received By Job
	Partitionable Resources :    Usage  Request Allocated
	   Cpus                 :                 1         1
	   Disk (KB)            :        1        1  12943052
	   Memory (MB)          :        0        1      5825
...
000 (032.000.000) 06/07 23:15:47 Job submitted from host: <127.0.0.1:22855?addrs=127.0.0.1-22855>
    DAG Node: A
...
001 (032.000.000) 06/07 23:16:03 Job executing on host: <127.0.0.1:36403?addrs=127.0.0.1-36403>
...
006 (032.000.000) 06/07 23:16:03 Image size of job updated: 1
	0  -  MemoryUsage of job (MB)
	0  -  ResidentSetSize of job (KB)
...
005 (032.000.000) 06/07 23:16:03 Job terminated.
	(1) Normal termination (return value 0)
		Usr 0 00:00:00, Sys 0 00:00:00  -  Run Remote Usage
		Usr 0 00:00:00, Sys 0 00:00:00  -  Run Local Usage
		Usr 0 00:00:00, Sys 0 00:00:00  -  Total Remote Usage
		Usr 0 00:00:00, Sys 0 00:00:00  -  Total Local Usage
	0  -  Run Bytes Sent By Job
	0  -  Run Bytes Received By Job
	0  -  Total Bytes Sent By Job
	0  -  Total Bytes Received By Job
	Partitionable Resources :    Usage  Request Allocated
	   Cpus                 :                 1         1
	   Disk (KB)            :        1        1  12942928
	   Memory (MB)          :        0        1      5825
...
000 (033.000.000) 06/07 23:16:12 Job submitted from host: <127.0.0.1:22855?addrs=127.0.0.1-22855>
    DAG Node: B
...
001 (033.000.000) 06/07 23:16:12 Job executing on host: <127.0.0.1:36403?addrs=127.0.0.1-36403>
...
006 (033.000.000) 06/07 23:16:13 Image size of job updated: 1
	0  -  MemoryUsage of job (MB)
	0  -  ResidentSetSize of job (KB)
...
005 (033.000.000) 06/07 23:16:13 Job terminated.
	(1) Normal termination (return value 0)
		Usr 0 00:00:00, Sys 0 00:00:00  -  Run Remote Usage
		Usr 0 00:00:00, Sys 0 00:00:00  -  Run Local Usage
		Usr 0 00:00:00, Sys 0 00:00:00  -  Total Remote Usage
		Usr 0 00:00:00, Sys 0 00:00:00  -  Total Local Usage
	0  -  Run Bytes Sent By Job
	0  -  Run Bytes Received By Job
	0  -  Total Bytes Sent By Job
	0  -  Total Bytes Received By Job
	Partitionable Resources :    Usage  Request Allocated
	   Cpus                 :                 1         1
	   Disk (KB)            :        1        1  12942928
	   Memory (MB)          :        0        1      5825
...
000 (035.000.000) 06/07 23:20:09 Job submitted from host: <127.0.0.1:22855?addrs=127.0.0.1-22855>
    DAG Node: A
...
001 (035.000.000) 06/07 23:20:25 Job executing on host: <127.0.0.1:36403?addrs=127.0.0.1-36403>
...
006 (035.000.000) 06/07 23:20:25 Image size of job updated: 1
	0  -  MemoryUsage of job (MB)
	0  -  ResidentSetSize of job (KB)
...
005 (035.000.000) 06/07 23:20:25 Job terminated.
	(1) Normal termination (return value 0)
		Usr 0 00:00:00, Sys 0 00:00:00  -  Run Remote Usage
		Usr 0 00:00:00, Sys 0 00:00:00  -  Run Local Usage
		Usr 0 00:00:00, Sys 0 00:00:00  -  Total Remote Usage
		Usr 0 00:00:00, Sys 0 00:00:00  -  Total Local Usage
	0  -  Run Bytes Sent By Job
	0  -  Run Bytes Received By Job
	0  -  Total Bytes Sent By Job
	0  -  Total Bytes Received By Job
	Partitionable Resources :    Usage  Request Allocated
	   Cpus                 :                 1         1
	   Disk (KB)            :        1        1  12942816
	   Memory (MB)          :        0        1      5825
...
000 (036.000.000) 06/07 23:20:34 Job submitted from host: <127.0.0.1:22855?addrs=127.0.0.1-22855>
    DAG Node: B
...
001 (036.000.000) 06/07 23:20:34 Job executing on host: <127.0.0.1:36403?addrs=127.0.0.1-36403>
...
006 (036.000.000) 06/07 23:20:35 Image size of job updated: 1
	0  -  MemoryUsage of job (MB)
	0  -  ResidentSetSize of job (KB)
...
005 (036.000.000) 06/07 23:20:35 Job terminated.
	(1) Normal termination (return value 0)
		Usr 0 00:00:00, Sys 0 00:00:00  -  Run Remote Usage
		Usr 0 00:00:00, Sys 0 00:00:00  -  Run Local Usage
		Usr 0 00:00:00, Sys 0 00:00:00  -  Total Remote Usage
		Usr 0 00:00:00, Sys 0 00:00:00  -  Total Local Usage
	0  -  Run Bytes Sent By Job
	0  -  Run Bytes Received By Job
	0  -  Total Bytes Sent By Job
	0  -  Total Bytes Received By Job
	Partitionable Resources :    Usage  Request Allocated
	   Cpus                 :                 1         1
	   Disk (KB)            :        1        1  12942816
	   Memory (MB)          :        0        1      5825
...
000 (038.000.000) 06/07 23:22:17 Job submitted from host: <127.0.0.1:22855?addrs=127.0.0.1-22855>
    DAG Node: A
...
001 (038.000.000) 06/07 23:22:33 Job executing on host: <127.0.0.1:36403?addrs=127.0.0.1-36403>
...
006 (038.000.000) 06/07 23:22:33 Image size of job updated: 1
	0  -  MemoryUsage of job (MB)
	0  -  ResidentSetSize of job (KB)
...
005 (038.000.000) 06/07 23:22:33 Job terminated.
	(1) Normal termination (return value 0)
		Usr 0 00:00:00, Sys 0 00:00:00  -  Run Remote Usage
		Usr 0 00:00:00, Sys 0 00:00:00  -  Run Local Usage
		Usr 0 00:00:00, Sys 0 00:00:00  -  Total Remote Usage
		Usr 0 00:00:00, Sys 0 00:00:00  -  Total Local Usage
	0  -  Run Bytes Sent By Job
	0  -  Run Bytes Received By Job
	0  -  Total Bytes Sent By Job
	0  -  Total Bytes Received By Job
	Partitionable Resources :    Usage  Request Allocated
	   Cpus                 :                 1         1
	   Disk (KB)            :        1        1  12942660
	   Memory (MB)          :        0        1      5825
...
000 (039.000.000) 06/07 23:22:42 Job submitted from host: <127.0.0.1:22855?addrs=127.0.0.1-22855>
    DAG Node: B
...
001 (039.000.000) 06/07 23:22:42 Job executing on host: <127.0.0.1:36403?addrs=127.0.0.1-36403>
...
006 (039.000.000) 06/07 23:22:42 Image size of job updated: 1
	0  -  MemoryUsage of job (MB)
	0  -  ResidentSetSize of job (KB)
...
005 (039.000.000) 06/07 23:22:42 Job terminated.
	(1) Normal termination (return value 0)
		Usr 0 00:00:00, Sys 0 00:00:00  -  Run Remote Usage
		Usr 0 00:00:00, Sys 0 00:00:00  -  Run Local Usage
		Usr 0 00:00:00, Sys 0 00:00:00  -  Total Remote Usage
		Usr 0 00:00:00, Sys 0 00:00:00  -  Total Local Usage
	0  -  Run Bytes Sent By Job
	0  -  Run Bytes Received By Job
	0  -  Total Bytes Sent By Job
	0  -  Total Bytes Received By Job
	Partitionable Resources :    Usage  Request Allocated
	   Cpus                 :                 1         1
	   Disk (KB)            :        1        1  12942660
	   Memory (MB)          :        0        1      5825
...
000 (041.000.000) 06/07 23:34:33 Job submitted from host: <127.0.0.1:22855?addrs=127.0.0.1-22855>
    DAG Node: A
...
001 (041.000.000) 06/07 23:34:49 Job executing on host: <127.0.0.1:36403?addrs=127.0.0.1-36403>
...
006 (041.000.000) 06/07 23:34:50 Image size of job updated: 1
	0  -  MemoryUsage of job (MB)
	0  -  ResidentSetSize of job (KB)
...
005 (041.000.000) 06/07 23:34:50 Job terminated.
	(1) Normal termination (return value 0)
		Usr 0 00:00:00, Sys 0 00:00:00  -  Run Remote Usage
		Usr 0 00:00:00, Sys 0 00:00:00  -  Run Local Usage
		Usr 0 00:00:00, Sys 0 00:00:00  -  Total Remote Usage
		Usr 0 00:00:00, Sys 0 00:00:00  -  Total Local Usage
	0  -  Run Bytes Sent By Job
	0  -  Run Bytes Received By Job
	0  -  Total Bytes Sent By Job
	0  -  Total Bytes Received By Job
	Partitionable Resources :    Usage  Request Allocated
	   Cpus                 :                 1         1
	   Disk (KB)            :        1        1  12942492
	   Memory (MB)          :        0        1      5825
...
000 (042.000.000) 06/07 23:34:58 Job submitted from host: <127.0.0.1:22855?addrs=127.0.0.1-22855>
    DAG Node: B
...
001 (042.000.000) 06/07 23:34:58 Job executing on host: <127.0.0.1:36403?addrs=127.0.0.1-36403>
...
006 (042.000.000) 06/07 23:34:59 Image size of job updated: 1
	0  -  MemoryUsage of job (MB)
	0  -  ResidentSetSize of job (KB)
...
005 (042.000.000) 06/07 23:34:59 Job terminated.
	(1) Normal termination (return value 0)
		Usr 0 00:00:00, Sys 0 00:00:00  -  Run Remote Usage
		Usr 0 00:00:00, Sys 0 00:00:00  -  Run Local Usage
		Usr 0 00:00:00, Sys 0 00:00:00  -  Total Remote Usage
		Usr 0 00:00:00, Sys 0 00:00:00  -  Total Local Usage
	0  -  Run Bytes Sent By Job
	0  -  Run Bytes Received By Job
	0  -  Total Bytes Sent By Job
	0  -  Total Bytes Received By Job
	Partitionable Resources :    Usage  Request Allocated
	   Cpus                 :                 1         1
	   Disk (KB)            :        1        1  12942492
	   Memory (MB)          :        0        1      5825
...
000 (044.000.000) 06/07 23:37:50 Job submitted from host: <127.0.0.1:22855?addrs=127.0.0.1-22855>
    DAG Node: A
...
001 (044.000.000) 06/07 23:38:06 Job executing on host: <127.0.0.1:36403?addrs=127.0.0.1-36403>
...
006 (044.000.000) 06/07 23:38:06 Image size of job updated: 1
	0  -  MemoryUsage of job (MB)
	0  -  ResidentSetSize of job (KB)
...
005 (044.000.000) 06/07 23:38:06 Job terminated.
	(1) Normal termination (return value 0)
		Usr 0 00:00:00, Sys 0 00:00:00  -  Run Remote Usage
		Usr 0 00:00:00, Sys 0 00:00:00  -  Run Local Usage
		Usr 0 00:00:00, Sys 0 00:00:00  -  Total Remote Usage
		Usr 0 00:00:00, Sys 0 00:00:00  -  Total Local Usage
	0  -  Run Bytes Sent By Job
	0  -  Run Bytes Received By Job
	0  -  Total Bytes Sent By Job
	0  -  Total Bytes Received By Job
	Partitionable Resources :    Usage  Request Allocated
	   Cpus                 :                 1         1
	   Disk (KB)            :        1        1  12941440
	   Memory (MB)          :        0        1      5825
...
000 (045.000.000) 06/07 23:38:15 Job submitted from host: <127.0.0.1:22855?addrs=127.0.0.1-22855>
    DAG Node: B
...
001 (045.000.000) 06/07 23:38:15 Job executing on host: <127.0.0.1:36403?addrs=127.0.0.1-36403>
...
006 (045.000.000) 06/07 23:38:16 Image size of job updated: 1
	0  -  MemoryUsage of job (MB)
	0  -  ResidentSetSize of job (KB)
...
005 (045.000.000) 06/07 23:38:16 Job terminated.
	(1) Normal termination (return value 0)
		Usr 0 00:00:00, Sys 0 00:00:00  -  Run Remote Usage
		Usr 0 00:00:00, Sys 0 00:00:00  -  Run Local Usage
		Usr 0 00:00:00, Sys 0 00:00:00  -  Total Remote Usage
		Usr 0 00:00:00, Sys 0 00:00:00  -  Total Local Usage
	0  -  Run Bytes Sent By Job
	0  -  Run Bytes Received By Job
	0  -  Total Bytes Sent By Job
	0  -  Total Bytes Received By Job
	Partitionable Resources :    Usage  Request Allocated
	   Cpus                 :                 1         1
	   Disk (KB)            :        1        1  12941440
	   Memory (MB)          :        0        1      5825
...
