009 (016.001.000) 06/07 21:21:43 Job was aborted by the user.
	via condor_rm (by user alonsolarra)
...
000 (018.001.000) 06/07 21:21:57 Job submitted from host: <127.0.0.1:22712?addrs=127.0.0.1-22712>
...
001 (018.001.000) 06/07 21:21:57 Job executing on host: <127.0.0.1:63292?addrs=127.0.0.1-63292>
...
006 (018.001.000) 06/07 21:21:57 Image size of job updated: 1
	0  -  MemoryUsage of job (MB)
	0  -  ResidentSetSize of job (KB)
...
005 (018.001.000) 06/07 21:21:57 Job terminated.
	(1) Normal termination (return value 0)
		Usr 0 00:00:00, Sys 0 00:00:00  -  Run Remote Usage
		Usr 0 00:00:00, Sys 0 00:00:00  -  Run Local Usage
		Usr 0 00:00:00, Sys 0 00:00:00  -  Total Remote Usage
		Usr 0 00:00:00, Sys 0 00:00:00  -  Total Local Usage
	0  -  Run Bytes Sent By Job
	0  -  Run Bytes Received By Job
	0  -  Total Bytes Sent By Job
	0  -  Total Bytes Received By Job
	Partitionable Resources :    Usage  Request Allocated
	   Cpus                 :                 1         1
	   Disk (KB)            :        1        1  12947100
	   Memory (MB)          :        0        1      5825
...
000 (019.001.000) 06/07 21:29:58 Job submitted from host: <127.0.0.1:22712?addrs=127.0.0.1-22712>
...
000 (020.001.000) 06/07 21:30:16 Job submitted from host: <127.0.0.1:22712?addrs=127.0.0.1-22712>
...
001 (019.001.000) 06/07 21:30:17 Job executing on host: <127.0.0.1:63292?addrs=127.0.0.1-63292>
...
006 (019.001.000) 06/07 21:30:17 Image size of job updated: 1
	0  -  MemoryUsage of job (MB)
	0  -  ResidentSetSize of job (KB)
...
005 (019.001.000) 06/07 21:30:17 Job terminated.
	(1) Normal termination (return value 0)
		Usr 0 00:00:00, Sys 0 00:00:00  -  Run Remote Usage
		Usr 0 00:00:00, Sys 0 00:00:00  -  Run Local Usage
		Usr 0 00:00:00, Sys 0 00:00:00  -  Total Remote Usage
		Usr 0 00:00:00, Sys 0 00:00:00  -  Total Local Usage
	0  -  Run Bytes Sent By Job
	0  -  Run Bytes Received By Job
	0  -  Total Bytes Sent By Job
	0  -  Total Bytes Received By Job
	Partitionable Resources :    Usage  Request Allocated
	   Cpus                 :                 1         1
	   Disk (KB)            :        1        1  12946976
	   Memory (MB)          :        0        1      5825
...
001 (020.001.000) 06/07 21:30:17 Job executing on host: <127.0.0.1:63292?addrs=127.0.0.1-63292>
...
006 (020.001.000) 06/07 21:30:17 Image size of job updated: 1
	0  -  MemoryUsage of job (MB)
	0  -  ResidentSetSize of job (KB)
...
005 (020.001.000) 06/07 21:30:17 Job terminated.
	(1) Normal termination (return value 0)
		Usr 0 00:00:00, Sys 0 00:00:00  -  Run Remote Usage
		Usr 0 00:00:00, Sys 0 00:00:00  -  Run Local Usage
		Usr 0 00:00:00, Sys 0 00:00:00  -  Total Remote Usage
		Usr 0 00:00:00, Sys 0 00:00:00  -  Total Local Usage
	0  -  Run Bytes Sent By Job
	0  -  Run Bytes Received By Job
	0  -  Total Bytes Sent By Job
	0  -  Total Bytes Received By Job
	Partitionable Resources :    Usage  Request Allocated
	   Cpus                 :                 1         1
	   Disk (KB)            :        1        1  12946976
	   Memory (MB)          :        0        1      5825
...
000 (021.001.000) 06/07 21:36:41 Job submitted from host: <127.0.0.1:22712?addrs=127.0.0.1-22712>
...
001 (021.001.000) 06/07 21:36:41 Job executing on host: <127.0.0.1:63292?addrs=127.0.0.1-63292>
...
006 (021.001.000) 06/07 21:36:42 Image size of job updated: 1
	0  -  MemoryUsage of job (MB)
	0  -  ResidentSetSize of job (KB)
...
005 (021.001.000) 06/07 21:36:42 Job terminated.
	(1) Normal termination (return value 0)
		Usr 0 00:00:00, Sys 0 00:00:00  -  Run Remote Usage
		Usr 0 00:00:00, Sys 0 00:00:00  -  Run Local Usage
		Usr 0 00:00:00, Sys 0 00:00:00  -  Total Remote Usage
		Usr 0 00:00:00, Sys 0 00:00:00  -  Total Local Usage
	0  -  Run Bytes Sent By Job
	0  -  Run Bytes Received By Job
	0  -  Total Bytes Sent By Job
	0  -  Total Bytes Received By Job
	Partitionable Resources :    Usage  Request Allocated
	   Cpus                 :                 1         1
	   Disk (KB)            :        1        1  12946896
	   Memory (MB)          :        0        1      5825
...
000 (022.001.000) 06/07 21:49:03 Job submitted from host: <127.0.0.1:22712?addrs=127.0.0.1-22712>
...
001 (022.001.000) 06/07 21:49:05 Job executing on host: <127.0.0.1:63292?addrs=127.0.0.1-63292>
...
006 (022.001.000) 06/07 21:49:06 Image size of job updated: 1
	0  -  MemoryUsage of job (MB)
	0  -  ResidentSetSize of job (KB)
...
005 (022.001.000) 06/07 21:49:06 Job terminated.
	(1) Normal termination (return value 0)
		Usr 0 00:00:00, Sys 0 00:00:00  -  Run Remote Usage
		Usr 0 00:00:00, Sys 0 00:00:00  -  Run Local Usage
		Usr 0 00:00:00, Sys 0 00:00:00  -  Total Remote Usage
		Usr 0 00:00:00, Sys 0 00:00:00  -  Total Local Usage
	0  -  Run Bytes Sent By Job
	0  -  Run Bytes Received By Job
	0  -  Total Bytes Sent By Job
	0  -  Total Bytes Received By Job
	Partitionable Resources :    Usage  Request Allocated
	   Cpus                 :                 1         1
	   Disk (KB)            :        1        1  12946680
	   Memory (MB)          :        0        1      5825
...
000 (023.001.000) 06/07 22:51:15 Job submitted from host: <127.0.0.1:22855?addrs=127.0.0.1-22855>
...
001 (023.001.000) 06/07 22:51:35 Job executing on host: <127.0.0.1:36403?addrs=127.0.0.1-36403>
...
006 (023.001.000) 06/07 22:51:36 Image size of job updated: 1
	0  -  MemoryUsage of job (MB)
	0  -  ResidentSetSize of job (KB)
...
005 (023.001.000) 06/07 22:51:36 Job terminated.
	(1) Normal termination (return value 0)
		Usr 0 00:00:00, Sys 0 00:00:00  -  Run Remote Usage
		Usr 0 00:00:00, Sys 0 00:00:00  -  Run Local Usage
		Usr 0 00:00:00, Sys 0 00:00:00  -  Total Remote Usage
		Usr 0 00:00:00, Sys 0 00:00:00  -  Total Local Usage
	0  -  Run Bytes Sent By Job
	0  -  Run Bytes Received By Job
	0  -  Total Bytes Sent By Job
	0  -  Total Bytes Received By Job
	Partitionable Resources :    Usage  Request Allocated
	   Cpus                 :                 1         1
	   Disk (KB)            :        1        1  12943288
	   Memory (MB)          :        0        1      5825
...
000 (025.001.000) 06/07 22:58:58 Job submitted from host: <127.0.0.1:22855?addrs=127.0.0.1-22855>
    DAG Node: A
...
001 (025.001.000) 06/07 22:59:15 Job executing on host: <127.0.0.1:36403?addrs=127.0.0.1-36403>
...
006 (025.001.000) 06/07 22:59:15 Image size of job updated: 1
	0  -  MemoryUsage of job (MB)
	0  -  ResidentSetSize of job (KB)
...
005 (025.001.000) 06/07 22:59:15 Job terminated.
	(1) Normal termination (return value 0)
		Usr 0 00:00:00, Sys 0 00:00:00  -  Run Remote Usage
		Usr 0 00:00:00, Sys 0 00:00:00  -  Run Local Usage
		Usr 0 00:00:00, Sys 0 00:00:00  -  Total Remote Usage
		Usr 0 00:00:00, Sys 0 00:00:00  -  Total Local Usage
	0  -  Run Bytes Sent By Job
	0  -  Run Bytes Received By Job
	0  -  Total Bytes Sent By Job
	0  -  Total Bytes Received By Job
	Partitionable Resources :    Usage  Request Allocated
	   Cpus                 :                 1         1
	   Disk (KB)            :        1        1  12943200
	   Memory (MB)          :        0        1      5825
...
000 (026.001.000) 06/07 22:59:23 Job submitted from host: <127.0.0.1:22855?addrs=127.0.0.1-22855>
    DAG Node: B
...
001 (026.001.000) 06/07 22:59:24 Job executing on host: <127.0.0.1:36403?addrs=127.0.0.1-36403>
...
006 (026.001.000) 06/07 22:59:25 Image size of job updated: 1
	0  -  MemoryUsage of job (MB)
	0  -  ResidentSetSize of job (KB)
...
005 (026.001.000) 06/07 22:59:25 Job terminated.
	(1) Normal termination (return value 0)
		Usr 0 00:00:00, Sys 0 00:00:00  -  Run Remote Usage
		Usr 0 00:00:00, Sys 0 00:00:00  -  Run Local Usage
		Usr 0 00:00:00, Sys 0 00:00:00  -  Total Remote Usage
		Usr 0 00:00:00, Sys 0 00:00:00  -  Total Local Usage
	0  -  Run Bytes Sent By Job
	0  -  Run Bytes Received By Job
	0  -  Total Bytes Sent By Job
	0  -  Total Bytes Received By Job
	Partitionable Resources :    Usage  Request Allocated
	   Cpus                 :                 1         1
	   Disk (KB)            :        1        1  12943200
	   Memory (MB)          :        0        1      5825
...
000 (029.001.000) 06/07 23:11:42 Job submitted from host: <127.0.0.1:22855?addrs=127.0.0.1-22855>
    DAG Node: A
...
001 (029.001.000) 06/07 23:11:58 Job executing on host: <127.0.0.1:36403?addrs=127.0.0.1-36403>
...
006 (029.001.000) 06/07 23:11:58 Image size of job updated: 1
	0  -  MemoryUsage of job (MB)
	0  -  ResidentSetSize of job (KB)
...
005 (029.001.000) 06/07 23:11:58 Job terminated.
	(1) Normal termination (return value 0)
		Usr 0 00:00:00, Sys 0 00:00:00  -  Run Remote Usage
		Usr 0 00:00:00, Sys 0 00:00:00  -  Run Local Usage
		Usr 0 00:00:00, Sys 0 00:00:00  -  Total Remote Usage
		Usr 0 00:00:00, Sys 0 00:00:00  -  Total Local Usage
	0  -  Run Bytes Sent By Job
	0  -  Run Bytes Received By Job
	0  -  Total Bytes Sent By Job
	0  -  Total Bytes Received By Job
	Partitionable Resources :    Usage  Request Allocated
	   Cpus                 :                 1         1
	   Disk (KB)            :        1        1  12943052
	   Memory (MB)          :        0        1      5825
...
000 (030.001.000) 06/07 23:12:07 Job submitted from host: <127.0.0.1:22855?addrs=127.0.0.1-22855>
    DAG Node: B
...
001 (030.001.000) 06/07 23:12:08 Job executing on host: <127.0.0.1:36403?addrs=127.0.0.1-36403>
...
006 (030.001.000) 06/07 23:12:09 Image size of job updated: 1
	0  -  MemoryUsage of job (MB)
	0  -  ResidentSetSize of job (KB)
...
005 (030.001.000) 06/07 23:12:09 Job terminated.
	(1) Normal termination (return value 0)
		Usr 0 00:00:00, Sys 0 00:00:00  -  Run Remote Usage
		Usr 0 00:00:00, Sys 0 00:00:00  -  Run Local Usage
		Usr 0 00:00:00, Sys 0 00:00:00  -  Total Remote Usage
		Usr 0 00:00:00, Sys 0 00:00:00  -  Total Local Usage
	0  -  Run Bytes Sent By Job
	0  -  Run Bytes Received By Job
	0  -  Total Bytes Sent By Job
	0  -  Total Bytes Received By Job
	Partitionable Resources :    Usage  Request Allocated
	   Cpus                 :                 1         1
	   Disk (KB)            :        1        1  12943052
	   Memory (MB)          :        0        1      5825
...
000 (032.001.000) 06/07 23:15:47 Job submitted from host: <127.0.0.1:22855?addrs=127.0.0.1-22855>
    DAG Node: A
...
001 (032.001.000) 06/07 23:16:03 Job executing on host: <127.0.0.1:36403?addrs=127.0.0.1-36403>
...
006 (032.001.000) 06/07 23:16:03 Image size of job updated: 1
	0  -  MemoryUsage of job (MB)
	0  -  ResidentSetSize of job (KB)
...
005 (032.001.000) 06/07 23:16:03 Job terminated.
	(1) Normal termination (return value 0)
		Usr 0 00:00:00, Sys 0 00:00:00  -  Run Remote Usage
		Usr 0 00:00:00, Sys 0 00:00:00  -  Run Local Usage
		Usr 0 00:00:00, Sys 0 00:00:00  -  Total Remote Usage
		Usr 0 00:00:00, Sys 0 00:00:00  -  Total Local Usage
	0  -  Run Bytes Sent By Job
	0  -  Run Bytes Received By Job
	0  -  Total Bytes Sent By Job
	0  -  Total Bytes Received By Job
	Partitionable Resources :    Usage  Request Allocated
	   Cpus                 :                 1         1
	   Disk (KB)            :        1        1  12942928
	   Memory (MB)          :        0        1      5825
...
000 (033.001.000) 06/07 23:16:12 Job submitted from host: <127.0.0.1:22855?addrs=127.0.0.1-22855>
    DAG Node: B
...
001 (033.001.000) 06/07 23:16:13 Job executing on host: <127.0.0.1:36403?addrs=127.0.0.1-36403>
...
006 (033.001.000) 06/07 23:16:14 Image size of job updated: 1
	0  -  MemoryUsage of job (MB)
	0  -  ResidentSetSize of job (KB)
...
005 (033.001.000) 06/07 23:16:14 Job terminated.
	(1) Normal termination (return value 0)
		Usr 0 00:00:00, Sys 0 00:00:00  -  Run Remote Usage
		Usr 0 00:00:00, Sys 0 00:00:00  -  Run Local Usage
		Usr 0 00:00:00, Sys 0 00:00:00  -  Total Remote Usage
		Usr 0 00:00:00, Sys 0 00:00:00  -  Total Local Usage
	0  -  Run Bytes Sent By Job
	0  -  Run Bytes Received By Job
	0  -  Total Bytes Sent By Job
	0  -  Total Bytes Received By Job
	Partitionable Resources :    Usage  Request Allocated
	   Cpus                 :                 1         1
	   Disk (KB)            :        1        1  12942928
	   Memory (MB)          :        0        1      5825
...
000 (035.001.000) 06/07 23:20:09 Job submitted from host: <127.0.0.1:22855?addrs=127.0.0.1-22855>
    DAG Node: A
...
001 (035.001.000) 06/07 23:20:25 Job executing on host: <127.0.0.1:36403?addrs=127.0.0.1-36403>
...
006 (035.001.000) 06/07 23:20:25 Image size of job updated: 1
	0  -  MemoryUsage of job (MB)
	0  -  ResidentSetSize of job (KB)
...
005 (035.001.000) 06/07 23:20:25 Job terminated.
	(1) Normal termination (return value 0)
		Usr 0 00:00:00, Sys 0 00:00:00  -  Run Remote Usage
		Usr 0 00:00:00, Sys 0 00:00:00  -  Run Local Usage
		Usr 0 00:00:00, Sys 0 00:00:00  -  Total Remote Usage
		Usr 0 00:00:00, Sys 0 00:00:00  -  Total Local Usage
	0  -  Run Bytes Sent By Job
	0  -  Run Bytes Received By Job
	0  -  Total Bytes Sent By Job
	0  -  Total Bytes Received By Job
	Partitionable Resources :    Usage  Request Allocated
	   Cpus                 :                 1         1
	   Disk (KB)            :        1        1  12942816
	   Memory (MB)          :        0        1      5825
...
000 (036.001.000) 06/07 23:20:34 Job submitted from host: <127.0.0.1:22855?addrs=127.0.0.1-22855>
    DAG Node: B
...
001 (036.001.000) 06/07 23:20:35 Job executing on host: <127.0.0.1:36403?addrs=127.0.0.1-36403>
...
006 (036.001.000) 06/07 23:20:35 Image size of job updated: 1
	0  -  MemoryUsage of job (MB)
	0  -  ResidentSetSize of job (KB)
...
005 (036.001.000) 06/07 23:20:35 Job terminated.
	(1) Normal termination (return value 0)
		Usr 0 00:00:00, Sys 0 00:00:00  -  Run Remote Usage
		Usr 0 00:00:00, Sys 0 00:00:00  -  Run Local Usage
		Usr 0 00:00:00, Sys 0 00:00:00  -  Total Remote Usage
		Usr 0 00:00:00, Sys 0 00:00:00  -  Total Local Usage
	0  -  Run Bytes Sent By Job
	0  -  Run Bytes Received By Job
	0  -  Total Bytes Sent By Job
	0  -  Total Bytes Received By Job
	Partitionable Resources :    Usage  Request Allocated
	   Cpus                 :                 1         1
	   Disk (KB)            :        1        1  12942816
	   Memory (MB)          :        0        1      5825
...
000 (038.001.000) 06/07 23:22:17 Job submitted from host: <127.0.0.1:22855?addrs=127.0.0.1-22855>
    DAG Node: A
...
001 (038.001.000) 06/07 23:22:33 Job executing on host: <127.0.0.1:36403?addrs=127.0.0.1-36403>
...
006 (038.001.000) 06/07 23:22:33 Image size of job updated: 1
	0  -  MemoryUsage of job (MB)
	0  -  ResidentSetSize of job (KB)
...
005 (038.001.000) 06/07 23:22:33 Job terminated.
	(1) Normal termination (return value 0)
		Usr 0 00:00:00, Sys 0 00:00:00  -  Run Remote Usage
		Usr 0 00:00:00, Sys 0 00:00:00  -  Run Local Usage
		Usr 0 00:00:00, Sys 0 00:00:00  -  Total Remote Usage
		Usr 0 00:00:00, Sys 0 00:00:00  -  Total Local Usage
	0  -  Run Bytes Sent By Job
	0  -  Run Bytes Received By Job
	0  -  Total Bytes Sent By Job
	0  -  Total Bytes Received By Job
	Partitionable Resources :    Usage  Request Allocated
	   Cpus                 :                 1         1
	   Disk (KB)            :        1        1  12942660
	   Memory (MB)          :        0        1      5825
...
000 (039.001.000) 06/07 23:22:42 Job submitted from host: <127.0.0.1:22855?addrs=127.0.0.1-22855>
    DAG Node: B
...
001 (039.001.000) 06/07 23:22:42 Job executing on host: <127.0.0.1:36403?addrs=127.0.0.1-36403>
...
006 (039.001.000) 06/07 23:22:43 Image size of job updated: 1
	0  -  MemoryUsage of job (MB)
	0  -  ResidentSetSize of job (KB)
...
005 (039.001.000) 06/07 23:22:43 Job terminated.
	(1) Normal termination (return value 0)
		Usr 0 00:00:00, Sys 0 00:00:00  -  Run Remote Usage
		Usr 0 00:00:00, Sys 0 00:00:00  -  Run Local Usage
		Usr 0 00:00:00, Sys 0 00:00:00  -  Total Remote Usage
		Usr 0 00:00:00, Sys 0 00:00:00  -  Total Local Usage
	0  -  Run Bytes Sent By Job
	0  -  Run Bytes Received By Job
	0  -  Total Bytes Sent By Job
	0  -  Total Bytes Received By Job
	Partitionable Resources :    Usage  Request Allocated
	   Cpus                 :                 1         1
	   Disk (KB)            :        1        1  12942660
	   Memory (MB)          :        0        1      5825
...
