000 (041.003.000) 06/07 23:34:33 Job submitted from host: <127.0.0.1:22855?addrs=127.0.0.1-22855>
    DAG Node: A
...
001 (041.003.000) 06/07 23:34:51 Job executing on host: <127.0.0.1:36403?addrs=127.0.0.1-36403>
...
006 (041.003.000) 06/07 23:34:51 Image size of job updated: 1
	0  -  MemoryUsage of job (MB)
	0  -  ResidentSetSize of job (KB)
...
005 (041.003.000) 06/07 23:34:51 Job terminated.
	(1) Normal termination (return value 0)
		Usr 0 00:00:00, Sys 0 00:00:00  -  Run Remote Usage
		Usr 0 00:00:00, Sys 0 00:00:00  -  Run Local Usage
		Usr 0 00:00:00, Sys 0 00:00:00  -  Total Remote Usage
		Usr 0 00:00:00, Sys 0 00:00:00  -  Total Local Usage
	0  -  Run Bytes Sent By Job
	0  -  Run Bytes Received By Job
	0  -  Total Bytes Sent By Job
	0  -  Total Bytes Received By Job
	Partitionable Resources :    Usage  Request Allocated
	   Cpus                 :                 1         1
	   Disk (KB)            :        1        1  12942492
	   Memory (MB)          :        0        1      5825
...
000 (042.003.000) 06/07 23:34:58 Job submitted from host: <127.0.0.1:22855?addrs=127.0.0.1-22855>
    DAG Node: B
...
001 (042.003.000) 06/07 23:35:00 Job executing on host: <127.0.0.1:36403?addrs=127.0.0.1-36403>
...
006 (042.003.000) 06/07 23:35:01 Image size of job updated: 1
	0  -  MemoryUsage of job (MB)
	0  -  ResidentSetSize of job (KB)
...
005 (042.003.000) 06/07 23:35:01 Job terminated.
	(1) Normal termination (return value 0)
		Usr 0 00:00:00, Sys 0 00:00:00  -  Run Remote Usage
		Usr 0 00:00:00, Sys 0 00:00:00  -  Run Local Usage
		Usr 0 00:00:00, Sys 0 00:00:00  -  Total Remote Usage
		Usr 0 00:00:00, Sys 0 00:00:00  -  Total Local Usage
	0  -  Run Bytes Sent By Job
	0  -  Run Bytes Received By Job
	0  -  Total Bytes Sent By Job
	0  -  Total Bytes Received By Job
	Partitionable Resources :    Usage  Request Allocated
	   Cpus                 :                 1         1
	   Disk (KB)            :        1        1  12942492
	   Memory (MB)          :        0        1      5825
...
